{
  "html": "<p>The Hydro Review from Friday, July 15, 1904</p>",
  "content": "The Hydro Review from Friday, July 15, 1904",
  "headings": [],
  "custom_ranking": {
    "position": 0,
    "heading": 100
  },
  "author_profile": true,
  "read_time": false,
  "comments": false,
  "share": false,
  "related": true,
  "show_date": true,
  "sidebar": {
    "nav": "years"
  },
  "title": "Friday, July 15, 1904",
  "excerpt_separator": "<!--more-->",
  "issue": {
    "date": "1904-07-15",
    "pdf": "/content/1904/1904-07-15/HR-1904-07-15.pdf",
    "masthead": "/content/1904/1904-07-15/masthead/HR-1904-07-15.jpg",
    "pages": [
      {
        "small": "/content/1904/1904-07-15/small/HR-1904-07-15-01.jpg",
        "large": "/content/1904/1904-07-15/large/HR-1904-07-15-01.jpg",
        "thumb": "/content/1904/1904-07-15/thumbnails/HR-1904-07-15-01.jpg",
        "text": "/assets/words/1904/1904-07-15/HR-1904-07-15-01.txt",
        "words": [
          "kyte the hydro review day joly effects late storm two cyclones one crank results last july clinton okla was some",
          "said man creamery restaurant week have come slowly visited lones bea woman justified having but idea count railroad and bridges",
          "telephone exchange which womanish providing its whopper being washed away quarters for long dist think are sometimes such isa humber",
          "floor steel lines large cotton that else note short order mill stone church hotel take your place francis willard john",
          "eral work hindered demolished besides much wear collar four inches mitchell not geo ane south town held byl high tie",
          "anchors piers were deskilled although there try business animals comes perilously near ice cream cold drinks bridge miles houses entirely",
          "leave would run water came down get full over child save dog clean beds jed across river with you horse",
          "speaking square meals canyons wash least part air war far bast house bank con middle says section family six all",
          "suspender hell horses neo railroads drowned forget hat probably fifty tween weatherford estimates her loss belongs russian passing schmitz completely",
          "destroyed extend cordial sympathy these great plains will another rendered unsafe pee eels uren eat see russia again leas bor",
          "battle about women sped pare who dress please roadsides feet men them right their terrible marches track modesty bees those",
          "neckties keep unnecessary canadian north though they immodest debts port damaged fool does thousands weary home sick hungry dying company",
          "left country concern object bones little stock prothe fields per cent morasses diamond output world can attached slatternly slovenly goes",
          "round dirty girl make attractive persons reported washita several killed wind wholly partially methods sue trying reform sons husband frequently",
          "alin good teams buggies est rigs turn out lowest five common this point year japanese charges phone small stream unbuttoned",
          "shoes half has raised price nippon even she life only proving constant reiss pere sese mile wide deep kitten times",
          "from thirty western time never known appear very latter greeks choosing before oldest inhabitants neat calico others diamonds greatly able",
          "sees bravery including indiana silk ribbons creased consequence self sacrifice love loan want safe ostrich farm open market must cause",
          "tees making phoenix ariz ing many poor brilliant united states here thrown continue chapter human history accommodating more larger birds",
          "bought bread remarkable trait then anywhere ese gers train rest dispensed present contest errant yee give cat money stringency masterly",
          "consider scientific accuracy eff state mee soon mail sentimentality passenger passengers during flood gush tuck faces thursday morning washout ran",
          "low popularly believed florida california could move till risa sie ifs oriental character tape ere mrs burcham armies fleets tara",
          "mar tho coir cal mails course clockwork military arm alfalfa ied seemingly commit excesses mercantile honorable principles above big department",
          "store trade planned cover contingencies barstow old maids vet heard maid amy reason marrying found saas know value lead follow",
          "steps rapidly mack center tear teen our did best care bound either foot driving find room hotels single egg india",
          "game fowl recently brought england sold reer"
        ]
      },
      {
        "small": "/content/1904/1904-07-15/small/HR-1904-07-15-02.jpg",
        "large": "/content/1904/1904-07-15/large/HR-1904-07-15-02.jpg",
        "thumb": "/content/1904/1904-07-15/thumbnails/HR-1904-07-15-02.jpg",
        "text": "/assets/words/1904/1904-07-15/HR-1904-07-15-02.txt",
        "words": [
          "the ward romance king canute danish conquest author thrall lief lucky copyright chapter how fates cheated after that night dows",
          "tower looked out upon some grim sights first morning was skirmish meadow beyond footbridge when threescore came loyally their leaders",
          "aid though marched brave head they were with any kind weapon hands and armor over homespun what chance had against",
          "sixty picked warriors led chief race chieftains there moment clash clangor awful commo whirling dust clouds settled only glimpses food",
          "vouch them bread for one more meal last has been broached steward answered very faint voice put nightly question because",
          "not possible old mans face record misery guardroom fire which crouched showed change whatever his expression young lord who sat",
          "side him pause said gently try get sleep least you can dream have done otherwise man sighed away snatch tongs",
          "from serf spending unnecessary other moving flying sped arrows all rest day win litter brown heaps here white flutter ing",
          "autumn wind wild would charged handful armed servants restrained almost force spent breath railing fat everything between earth sky folly",
          "maddens cried needless but used think instead plan brains remember nay judgment jacking bitterly dog could learn new trick seen",
          "ways longer avail tae mine wrinkled haggard will never lady wife hai cante now bethink wrong ones fault com curse",
          "lies isla something rotten english palisades neve got shak tonight nget off spell yorkshire kinsman many stared hills reward watching",
          "mes lost plunge ocean week later sent back dejection foretold success taxed might main protect bis pit own lands regretted",
          "innermost vitals these days stand fall send thy counsel hold hope fortune war call heard father forgot robes indulge possession",
          "widows blessed larder stocked weeks feasting must needs starved under ere this much endure even drew belt another notch beginning",
          "wine month bitterest sight windows gave band every went forth campfires noon return amid taunting racket arm fuls salted meats",
          "bags bulging forced into baking ingenuity wont each spectacles time arrived tho jas death already essex crept climb stairs shouted",
          "little loud talking within walls left alone threw himself bench covered mantle outlived useful ness moaned lived bring ruin house",
          "guilt lie lay stark rigid closed about seemed become funeral chamber mass hovering shadows pall held tapers flickering flame whispers",
          "starving men wart its heat broke lence dismally mourners hurts pride peak fathers ied myself friend should still import shall",
          "die together rule ever rose feet smoke wits heavy methinks air while step halted please rath compassion lings sockets made",
          "eyes look larger brightness poor youngling better your bade again dark shook obst rather starve than feast till come ans",
          "throat swallowed hard silent putting slender figure room began soon curtain fell stifling mustiness nostrils chill like flat pressed cheeks",
          "thankfully sweet freshness flashing weapons pacing sentinels glory silver moonlight parapets wark below sea forest trees murmuring splashing pass yet",
          "deeper down glowed fires dan ish dragon rise long iron claws twice round without speaking page told overtake gone charge",
          "may fighting immediately loving reproach forget nothing dear found pleas ure telling mind hand lifted red cloak touch thin cheek",
          "extremely ungrateful say less lad courage boys body woman faithful her love are cold shiver pull corner cast impatient those",
          "walked across spot grave sooner bite tongue interrupt task let hinder speech affectionate pity nobles does mean hear service boy",
          "repeated softly ear far afield secret green tunic tenderness low companion looking smile touching curves wistful mouth know why mishap",
          "occurred seems great luck wise likely true happened messenger wish laugh since allowed suffering share given place heart tomorrow dane",
          "slays open then sake unfaithful our fellowship lips adjure whispered unsteadily silenced such comrade make apply once until swords answer",
          "dense occasional owl sounded cry where camp floated fragment song before silence hovered doomed broken sound measured tramp continued take",
          "oni greatness visible nobleman evidently dis played sign rank farrant tells good late concern comfort morn story finish public busy",
          "end talk two cen opened replied she launched rowton pointing disgust work casting glance asked exclaimed landon ate buy pat",
          "gleason former mayor island city fond indulgent dented daughter jessie provide well versed foreign lan hearing read society bello whom",
          "written sais quot rendered most person miss jee things girls wear cant condensed horse small willie accompanied uncle especially pleased",
          "antics land ponies did see show mother lots fellow horses best need makes shrine toad homely undeserving rep treatment ani",
          "despised creature snake common garden quiet unobtrusive der bad name lit savants wove life history curiously blending superstition tact traditions",
          "handed augmented fairy stories present generation always undesirable despicable asa matter fact absolutely itself mos animals known farmers real ant",
          "mal world becoming department ture set seal approval fon continuance protection generations disabuse minds jot growing children falsehood envelops monster",
          "value birds destroyers insects pretty generally entomologists fave during past few rears enlighten virtues parasitic functions respect overlooked experts collect",
          "toads different parts examining contents ascertain just prefer appetite fortunately jan examination several hundred stomachs practically injurious species eleven per",
          "cent being bene character remarkable tite demonstrated stomach worms uncovered seven tent caterpillars gypsy moths third army fourth observer endeavored",
          "measure feeding consuming entire supply ninety apparent satiation experiment abandoned economic status light data ean questioned protected along robin similar",
          "habits natural aud hawks owls crows snakes met host latter perhaps firmly rooted milky acrid secretion ejected through skin disturbed",
          "handled produce warts accounts erroneous probably arises same habit poisoning attributes wide credence longevity ally characteristic ries having masonry dormant",
          "existence years verified french academy conclusively proved exist condition months bedded plaster alive observed conditions habitat ito live quarter century",
          "cowgirls event program excites interest craning necks shirtwaist divided skirt holding spurs gallantly fit businesslike fashion herself fastening cowboy saddle",
          "vaulted seat jockeying ike crowd yelling mad start ride manor born fearlessly splendid bending neck applying whip spur close half",
          "mile multitude holds second home stretch coming forges cheer rends wire files fourteen year short hair dancing roses stands judges",
          "tri champion rider according terms monthly son famous blades toledo damascus japanese flexible elastic equaled strength hardness keen edge steel",
          "excel swedish purity manufacture ery elaborate pro ceremonials practices intermixed scientific operations ener regarded important personage connected hilt reputation sword",
          "shape blade sharpen adorn minor youths mong elements roads greatest soaks road softens permeates foundation freezes expands thing neglected drainage",
          "result regular following simple rules count grades water rushes necessary tile drains smooth sufficient holes sur surface worked universally ignored",
          "country radical senses move ruts losses resulting use bulletins building appear practical object lessons actual eral government reason solution prob",
          "blight disgrace ont level forces nature wagon wheels cut sinks fand disintegrates lessen local supervisors seem mud blockage observance located",
          "rains tearing thoroughly drained slope toward sides shed finished rond thought abundantly era community mullions dollars wilt thrown lectures improvement",
          "litle effect reformers lem progressive advanced nations europe enemies material making breaks winter vent ravages feat give consideration bettering constructed",
          "steep washing ditches carry filled fast easy wisdom proves people problem alon books state turning national ald united states grand",
          "effort wipe highway taken waterways uncertain way thou sand miles line hid den rocks thousands lives millions lars worth property",
          "destroyed reached protecting relief sail coast attended today perfect safety lighthouses sire others nearly ling buoys various kinds vice requires",
          "annual cost needed commerce money expended preserving provided improve highways thus enabling farm expeditiously economically sentiment minneapolis progress legislation general",
          "says favor combined accomplish authorities backed substantial basis river harbor improvements rail erection build ings works necessity agri cultural prosperity",
          "appropriations helpful duluth herald opinion economical farmer knows consumer felt servant future domestic evolution conservative chambers journal recently presented readers",
          "views number intelligent women regarding agree ree garding revolution inevitable profess believe compulsion careful study opinions students economy form lowing",
          "composite pen portrait understood quite impossible family secure fees willing early class educated ence however founded bone therefore endurable fairly",
          "trained household duties perform ability submit approaching dogmatic auto demand sort tolerance cheerfully nurse difference unsatisfactory certain hours eight retire",
          "drawing entertainment residential club ber undefined pict particularly alluring writers themselves admit order strongly resented housewives para gon yom disapproval",
          "bache lodgings merely mary ann regret appearance incapable words cure self matters choose suck pleasures recreate fuller rising disappointment doubts",
          "traitors jose oft fearing acute observe religion enemy vices massillon charity begins acquires browne shown sacrifice sweetest gar understand puts",
          "stael fortunes ladder spend walking failings ourselves ach pleasure finding wayside philosopher smiled gods flows incompleteness restlessness browning discovery objects",
          "prayer keeps near god weak boe dest chapman armstrong beautiful member richest aris families married hee affection tens separation beat",
          "east determined mammy visit ticket imagine surprise prim colored station gate suddenly pounced elegantly dressed arms around kissed dropping bundles",
          "seated truck indy lap tenderly stroked claimed baby boney fine girl nursed sickness health lavished tse glad"
        ]
      },
      {
        "small": "/content/1904/1904-07-15/small/HR-1904-07-15-03.jpg",
        "large": "/content/1904/1904-07-15/large/HR-1904-07-15-03.jpg",
        "thumb": "/content/1904/1904-07-15/thumbnails/HR-1904-07-15-03.jpg",
        "text": "/assets/words/1904/1904-07-15/HR-1904-07-15-03.txt",
        "words": [
          "colorado summer service the santa has announced sumption its luxurious flyer leaving city union pot daily through sum mer season",
          "equipment consists library car free reclining chair and pullman sleeper kansas springs okla homa via excellent also current weekly monthly",
          "illustrated publications for use passengers only cur jent weeklies all train patrons eastbound this known equip that westbound departure from",
          "denver reaching oklahoma reach next day gal follow ing newton hypocrisy had not wholesome fear sincerity would variably have his",
          "cloak cut after same thomas trim chicago they should honest conviction based upon own experience friends hunts cure will larger",
          "per cent skin troubles especially itching variety than any other remedy certainly those with form itch moore atchison kas box",
          "fatherly pride when occasion punish son said austere man ways tell him hurts more does replied plain practical citizen johnny",
          "may little head strong disobedient but too much sense believe anything like star new enterprise grand trunk system opened ticket",
          "north broadway louis are now operating between mon toronto connection illinois afford feo taking advantage low excursion fares points ontario",
          "quebec nova scotia fare sale present time geo vaux adams ill inspectors dilemma general hint steam boat fines frequently been",
          "remitted political ence ought followed ames specifications such state things far complete demoralization what can finds one hand owners willing",
          "pay duty undone chiefs ready make fool doing york post deafness cannot cured deaton eaters fake halts loyal their ally",
          "result alliance gardens many buddhist temples japan dis plays english flowers red cross ball blue large package cants how become",
          "japanese subject baron address fore tho society london easiest becoming was marry woman then husband every know buy cold water",
          "starch laundry save because never fron each contains ozone full starches put pound pack price cents again injurious chem your",
          "grocer tries sell you stock which wishes before puts knows defiance printed let figures demand ano money annoyance iron ticking",
          "sticks chief desire women always aspired beautiful painted faces tired heads since memorial countries geisha changes color her lips three",
          "times evening lite lady ever misses opportunity whipping out rouge mirror parts toilet say county looks sister teller something akin",
          "consumption infallible medicine coughs samuel grove asked mrs smithers who makes clerk pull down everything shelves two hours buys four",
          "worth hain clothes sweet grocers police protection according last bulletin united states department labor average yearly appropriation maintaining departments six",
          "principal cities america philadelphia boston baltimore equal toro rises emer worse hats spectator theater payment small extra permitted stand gon",
          "behind object though view obstructed cause better most powerful port light giving flash candle power england beams roker sun joins",
          "worlds grounds sot ith private gate lon station blanket ear erie tor reservations fraternal hotel glass want shut off window",
          "ver cheaply dissolving hot epsom salts absorb paint over win dow while dry very good imitation ground important mothers examine",
          "carefully bottle gare infante beare wit lech years kind bought wealth paterson night dat million dollars stacked enjoy sued fer",
          "breach promise operated appendicitis mentioned vice presidency even got show whether paper pays tise adv date line within ten days",
          "send cate fairs them map beds clean rooms reserved once substantial homes party sarge pair hon ton missouri president mis",
          "trust company atkinson gen farrar treasurer write room judge blame story newly appointed remon counsel way arguing case lord advocate",
          "question argued similar were bar yes admit quietly fault allowed travel business pleasure get best lowest rates ask brie railroad",
          "com pany exchange information booklets tree tours beau chautauqua lake region cambridge rings farm laborers liber liberia receive month rico",
          "fish men work done elsewhere horses cost existence sincerely con lightning oil useful household cuts burns sprains insect bites goes",
          "huntington ala bottles potatoes come potato furnish world har rey wiley chemistry agricultural reply appeal brantley georg government having developed",
          "possibilities sugar syrup industry study pate give cour place holding court our balance year guthrie terms shows term presiding eral",
          "attorneys attendance arapaho custer justice irwin assistant attorney hal newkirk kay sept tice hainer speed pond grant beauchamp federal bus",
          "ness gillette hall payne burford scot horn dewey pancoast tecumseh pottawatomie burwell cheyenne roger mills scothorn mangum greer blaine oct",
          "chandler lincoln osage nation lawton comanche mcknight beaver kingfisher peed reno canadian count tee caddo gill nov aka morton retire",
          "march remain washington claimed paul mor tons whatever cabs net until informed pres railway leave absence granted position few months",
          "unless rew redbird dies suddenly floor bis cabin fell dead instant member cherokee legislature delegate death held highest office gift",
          "succeeded rabbit bunch died several successor named ago association first meeting medical attended number board learned pathologists quit ending june",
          "won possible exception peddling seems almost sible stamp various judicial districts given hobart kiowa assign norman cleveland secretary navy coming",
          "election accepted portfolio connections nine end vinita daniel pioneer leaders blood indians home near age sudden caused heart failure stooped",
          "pick came qualify classes crime murder less common early pad kun predominated report law order prevails comparison former lands five",
          "tribes being country peopled thrifty immigration ebb recent flurry steerage fact decidedly greatest record aliens ted decline set total against",
          "ore sine gone steadily busiest ellis island april corresponding fiscal whole try sare predict exceeding read newspapers cox wie july",
          "fronk rus kidney disease bad could walk tried doctors treatment remedies getting newspaper dodds pilla curing cases trouble brights tham",
          "took boxes quite well says ean feel using kid ney pills across chippewa making some miraculous cures russell sage fifty",
          "straw hat russ factory memphis news insist jae edge keep brands oot wont able firs woodward tonal mans body dell",
          "washita ems apply kentucky expert signed confused examined logan waste everybody ash left enid burning tobacco considerable matter mineral leaf",
          "amounts fifth part perry noble weight thus yield represents valuable min alva woods constituents withdrawn toil replaced abundant manuring cal",
          "draws hundredweight acre land kingdom rate pounds about probably approximately annually committed winds dissipated face there seem fortune store devise",
          "successful means collection great pity material lost soll without tempt direct journal steps salary politicians here understand helps why accept",
          "sick coffee drinker must take rid step removes destroying ele liquid food fee elements ture requires change corpuscles pale pink",
          "white rich builds rood healthy cells broken destroyed boiled shift both these easy pleasant georgian proves wife afflicted nervous headache",
          "suffered untold agony drinkers did away habit bard sim lar ours where used old resulted concluded practice exclusive symptom pass",
          "qualifications gained wrought officials drinking benefited facts truthfully refer bank busi battle creek mich stated firm name straight annual lewis",
          "single binder cigar dealers supplied jobber frank peoria shit cotton ginning machinery prices furnished application needed modern gin outfit continental",
          "pratt winship dallas texas tidy housekeeper appreciates nicely starched linens under gives finish chemicals contain causes break rot ounces made",
          "omaha neb touch liberty bell louisville courter speak birmingham point east fast trains buffalo pittsburgh eastern stopover charge niagara falls",
          "mean setting doodle ring educational military institute special feat territories backward students ant conte ent arma gatun west pol waited",
          "aviation toa seeks further nauseous moses quinine laxa tablets surer effect convenient seek sure oft biliousness mali ria dubois baton",
          "sunday base sinful asks fan seen weekday positively entirely process seldom noticed arrival faultless look pkg famous road beggs purifier",
          "stomach ste ding psst none paine today pope bldg mam"
        ]
      },
      {
        "small": "/content/1904/1904-07-15/small/HR-1904-07-15-04.jpg",
        "large": "/content/1904/1904-07-15/large/HR-1904-07-15-04.jpg",
        "thumb": "/content/1904/1904-07-15/thumbnails/HR-1904-07-15-04.jpg",
        "text": "/assets/words/1904/1904-07-15/HR-1904-07-15-04.txt",
        "words": [
          "the hydro publishers lar per yea advertising kates cent republican ticket vice president indiana con mcguire dyke sam haskell phelps",
          "probate thompson sheriff attorney clerk register superintendent coroner matey commissioners first dist canon second davis third blevins township trustee treasurer",
          "sone justice hun overseer john mat boies hainline constable rules for primary election held wednesday august fand fee slum termine",
          "tie ballots ach and shall them together lath elect line time democratic teacher would thing should price ahr let him",
          "stay home from school abo ree artist sot stint tat rte ope stock improves have just unloaded another car famous",
          "pontiac buggies with without tops all styles painting why popcorn pops does pop most people probably wondered what reason was",
          "but only recently has science fur says saturday even post cause expansive power ins its interior number cea starch into",
          "strong enough resist consider able pressure within heat applied moisture present each little box steam which explosion our wagons too",
          "are not overlooked forgotten mandt best earth come see will explain many reasons orde secure tory popping there required high",
          "causes toe your wheat land lew good light draft new triumph case oliver chill sulky gang plows lead ail others",
          "grain corn then turns literally inside out transformed large mass snow leet white star eye though gaining loses considerable weight",
          "sheen ford that one handcock oline discs none nunn seen ente nen you prefer plow neither hard nor soft ground",
          "can stop bulk pay eons auntie sar ann rade weigh other place same runes windmills birch sau evaporated load lots",
          "enables make nally contained cannot overlook show few minutes pase these mills excel changes family tor ene oklahoma ane eaten",
          "phe national bulletin lee haight six years making term low rates aim confectioner news dealer fate sumer books ice cream",
          "bass gery stationery cold drinks sporting cigars geers goods candy great very yates sum orange round iso bride wears girl",
          "black forest italy french wren marre sew york west lalla lua lal full running over gill carload received nearest lines",
          "proportion mcnally pass harvest here geo ler gen past ready trade navy roche member when prepare threshing safety dump hands",
          "grade ram sapp ids croup aaa look eel broncho busting ooh carter general real estate farm loans insurance business rear",
          "bank yes believe okla gull lot polities her returned doctor sounds such charger"
        ]
      },
      {
        "small": "/content/1904/1904-07-15/small/HR-1904-07-15-05.jpg",
        "large": "/content/1904/1904-07-15/large/HR-1904-07-15-05.jpg",
        "thumb": "/content/1904/1904-07-15/thumbnails/HR-1904-07-15-05.jpg",
        "text": "/assets/words/1904/1904-07-15/HR-1904-07-15-05.txt",
        "words": [
          "tee our catholic festivities city and robinson harry ane aaa sprague marion wik wert all the wonder time card ingles",
          "ted depiction miss bank hydro for dakota land this capital stock first mail train planned which were evening july nine",
          "morning went banking business tra west sacks left here but cit has been special attention ire accounts ree was only",
          "part due jobin many having farmers men year old who spent railroad bridges private money loan farms three years missionary",
          "work away market some northern directors citizens surrounding nae negro assaulted roa mined junction riley bren tia then led horse",
          "from under ashier sees him leaving hanging points little five much pine sylvester after long sickness last others his family",
          "are upper mile looking fine have just now received delightfully carried rain keep them grow hah count poor service ing",
          "best prospect still another shipment furniture ever had okla carrying could get supply anything you want drove buggy luther smith",
          "hens addition large papers office lecture given geo roark visited bishop wednesday ilk hyde hand house furnishing line saturday ray",
          "sunday new latest designs being water bound oklahoma monroe changed broke tuesday night its guest may ointment nasa revival henne",
          "lis come again when shaw maggie mccool pleasant mouse furnishings dinner mrs bette writing hade buckmaster such sere taken trom",
          "broad lead week heard that temporary post sticking head out oot ventilated tin front their store painted near serious accident",
          "trains monday her kansas overturned over ankle nothing bruise tilted halters lucy enid david seeley aged sta attending bedside kalamazoo",
          "mich ele rest wives query man ren living how mules made brock delicious ice cream tees lee confectionery auxier shaking",
          "hands with friends ives lover notified called will republics day republican candi order ahlf bridge south date shi town cost",
          "about elevators truth stronger tha clue fact rats recently deme nominated par standard bearer than mcclellan misses ollie sims pearl",
          "annual school meeting hainline davis parlor try creamery schurmann says well what row passed byron stover cry chambers held lest",
          "weatherford election thompson paid one call exe etta end normal there minute gough indian return prom home votes gist foster",
          "colds group white greyhound district libbie sprout brindle gad wellman finder please alone vain efforts cross same caldwell sic lie",
          "depends your life yaw druggist therefore should careful pick fill never subs make mistakes bring prescriptions receipts remember also carry",
          "full patent toilet articles paints oil brushes sundries drug penny board she burg church burden ute postmaster priests gere carriages",
          "soon interrupted jin pany miles hour not unwisely levy teacher son those subscribed von res fast everybody see seconds visit",
          "sent geary good sire hitt pha timothy hay burleson lay anywhere stalks heads inches bundle boxed two babe worlds fair",
          "fred strong wit wise bey democratic treatment primary susie die pulla inch sulky plow set jul nichols gia ground returned",
          "dean scott wil ops rey shepard preach lemonade cake friday cooker farwell sermon morn fie heal ake tas pulleys port",
          "theme heart meyers seeks why ark wan aud norfleet ell clerk mormon ant piles visiting busi pope acy dyspepsia cure",
          "hazel digests oat ere ness till workmen america they gave review bet blue took pains ama hee tall wang dewitt",
          "into either bow appreciate ordered strike kindness people fifty wate guay regrets steel mak action thought southeast los ready give",
          "nice hair paying cents more ont easy agent less hundred thous sale wheat laundry dollars every buren fic red herford",
          "arn wages cannot bull eligible wig cosme eat burns sores salve"
        ]
      },
      {
        "small": "/content/1904/1904-07-15/small/HR-1904-07-15-06.jpg",
        "large": "/content/1904/1904-07-15/large/HR-1904-07-15-06.jpg",
        "thumb": "/content/1904/1904-07-15/thumbnails/HR-1904-07-15-06.jpg",
        "text": "/assets/words/1904/1904-07-15/HR-1904-07-15-06.txt",
        "words": [
          "the hydro review new state notes beggs start oil well once that there are over sixty mills oklahoma and sack",
          "flour exhibition worlds fair hinton will celebrate opening country august gover gor ferguson has accepted address gathering frisco established through",
          "service from durant points east first load kay county wheat tested pounds bushel brought seventy cents company let contract for",
          "sinking its john davidson experienced man sunk dis feet goodwin deputy marshal alderson had his left hand blown off giant",
          "firecracker july amputation wrist was sary joint meeting lawton club commercial separate were banded larger better known advice colonel randlett",
          "agent comanche citizens taking steps secure gov valuable tract land near city suitable park purposes brown wife james arrested alva",
          "last week upon charge counterfeit ing molds number spurious coins materials used making queer found their pos session leach printer",
          "won prize guess entering certain day register showed ticket equivalent took frank simpson dead pond place six miles north west",
          "coroners jury rendered verdict accidental drowning arrangements have been made completing line postal graph way shawnee south also denison texas",
          "mcalester committee consisting tary thoburn berry agricultural board thacker good roads association met guth rie prepare bill presented next terri",
          "legislature charles parker lad killed fell under team horses kicked one them back only lived ten minutes after being picked",
          "lone wolf visited fire destroyed hotel numerous residences meat market billiard realty building bank dynamited stop spread flames flouring mil",
          "burned with about granted franchise electric light plant work begin pottawatomie farmer heal raised bushels five acres ure crop sold",
          "annual reunion saw brigade united confederate veterans held central district medical whose duty examine applicants practice medicine more than hundred",
          "candidates this recent act quacks put out business public while horseback riding hold miss melvina meek badly thrown against baro",
          "wire fence time her recovery considered doubtful gossett young lady lester strychnine fatal revival just closed reveal par georgia heads",
          "watson named list national smaha platform reaffirmed thomas tibbles nebraska candidate vice president senator allen would not enter into scramble",
          "nomination springfield ill nominated populist convention names william samuel williams indiana placed before but states bad completed roll call withdrawn",
          "former word ind nominations twice instructed delegation say tame must fon face however received forty votes whether accept seemed know",
          "few soon withdrew giving theodore ryner penn weller sam george washburn practically all ballot congressman ridgely kansas attempted until louis",
          "reso promptly tabled adjourned farris elected chairman defrance lincoln neb secretary boston treasurer resolutions report adherence basic truths omaha aud",
          "subsequent platforms then demands money issued direct every dollar tote tender sayings banks upholds right labor organize favors legislation improvement",
          "condition wage earners prohibition alien ownership referendum special privileges trusts monopolies declares government should own control railroads telegraph telephone provide",
          "fost adopt when called name kentucky sutherland author zed him unanimously senate wines wadsworth discovery anesthetics method administering form makes",
          "safe york prolonged general tests prove tory preliminary ones men believe formula covered practitioner revolutionize science freeing dangers ether chloroform",
          "present administered process consists main which per cent oxygen combined mathematical instead dependent careful administration anesthetic drop acts automatically keeping",
          "mixing solution doing away risk too much development begun prospects some private capital invested enterprise nearly jail delivery prisoners hole",
          "bottom cell officers sawed cells fourteen twenty inches dimensions further search exhibited saws files among they discovered inmates gained liberty",
          "escape marriage thus engage indian territory schools rules governing expenditure appropriation muskogee interior submitted dent benedict regulations provided education children",
          "according entire expended payment teachers ries where convenient tribal school buildings already existence build ings community required construct equip necessary",
          "features regula ton none towns cities exclusively non districts attend same whites practical such cases salaries paid both funds proportion",
          "ber each class attending negro rate matter locating superintendent supervisors nations subject eases approval sec examining appointing fixes carry instructions",
          "cannot stated now how many intention department given advantage provision large enough chit other localities residents most communities willing con",
          "houses letters offers ever leen governments excellent reason entirely try tho based recommendations dian inspector wright valued woman sues breach",
          "bessie lead possessor sued crawford cut petition alleges couple entered considerable sum sud perform kis part rat see mone papa",
          "spoiled plans pretty collins elope home here father followed westbound leaving grabbed pulled bell cord tuke wedding three drowned family",
          "attempts crose pryor creek disastrous results vinita news kas hore jim sea wagon bed down past fording drown robinson drove",
          "stream thought uncoupled bie did any baby swall girl clung floated rapidly swift rescued two low bodies ate recovered effort",
          "find third far heavy rains caused very high still rising feared childs remains plan lectures guthrie territorial agriculture bust ness",
          "ewers white joseph homa chosen pres hankins treas system lecture courses farmers memorial drawn petitioning increase boards membership trom members",
          "steward ship wrecked coast scotland steamer bringing swedes america eight passengers disasters london danish norwegian emigrants bound believed hava atlantic",
          "june persons copenhagen alive rest hope seen sink she struck islet isolated peak raises itself deadly reef scot early morning",
          "course weather ran onto distance looks like full sail quickly backed seas poured rent dows who awaiting breakfast below deck",
          "hatchways row these hundreds became clogged began head boats lowered women hurriedly smashed side helpless caught boatloads got safely seizing",
          "lifeboats threw selves captain gundel ors stood bridge doomed vessel could foundered suddenly water those swim tried reach occupants beat",
          "wretches oars kept together hours pants craft boat occupied survivors grimsby life account says boa successfully launched holding lifeboat faster",
          "salvia what yet shore later aberdeen another seventeen scottish mainland landed steam trawl largo bay missing reported contingent cared mate",
          "lamp trimmer crew mill arranged celebration founding town fourth anniversary praying pardon friends serving sen aline woods petitioned governor ohio",
          "civil war veteran convicted son sentenced penitentiary alleged years ago helped burn barber coming live bis farm served crime released",
          "nied arrest conviction neighbors whatever thinks ways husband loves negroes told dwellings several marshall denver enid gulf railroad invited leave",
          "murmur formed trouble ensue employed make attempt force return fill places laborers allotment pastures homestead filings osage tribe indians matt",
          "importance investigated passed capt frantz rough rider recently appointed allot lands bers allotments taken approved agents tee ent events endanger",
          "validity may strict investigation months prior sue pension almost immediate nation sanction osages allowed lege filing peace able facilitating manner",
          "themselves accepting done tribes dawes com mission order encourage idea policy homesteaders contracts leases cultivate filed fil within regularly surveyed",
          "great reservation original advertised lease year acreage represented actual deducted gross area pasture forwarded approving tracts acting gave lessee option",
          "including braced homesteads actually rental announcement difficult surmise portion lessees want take offered fact included broken use less grazing terms",
          "can grass interests stake proposition selected anxiety felt final outcome departments action relative homesteaded conser pending appointment successor mat himself",
          "conditions influential progressive tribesmen allotting probably delay element become rebel ugly alone accomplished without total property capture tattoo marks officials",
          "prisoner express robber detective tod warden regarded important tony scarbrough suspicion having concerned robbery dietrick santa yards officer railway came",
          "interested case inquiry concerning arms bearing arm characters satisfactory people wires busy conveying headquarters expected investigate ward noted nine captured",
          "seven mar drag mis sion northeast unit charged rocking pas senger trains rioting lit settlements around battle fought shots fired",
          "wounded flood revisited damage floods equal sent fol lowing message washington thousand driven homes earnestly quest you commander fort leavenworth",
          "issue rations need occasioned kaw river flow bottoms deserted overflow second thirteen streams aro thousands rich farming inundated causing losses",
          "crops doubtless run dollars dozen different forced flee driving cattle house goods gathered hurried demoralized washouts rock island union pacific",
          "missouri stalled vacate rebuilt since middle night hund reds wagons carrying effects ground sad scenes enacted bereft twelve never returned",
          "experiences predicted sake wichita blocks cit prospect mediate relief big arkansas rivers unite point reports above little risen inch rise",
          "hutchinson energetic merchants removed stocks fur residence surrounded topeka continues fall slowly manhattan blue alarming heard smoky hill getting higher",
          "upstream therefore anticipated severe southern families homeless tola winfield latter cottonwood receding camp reno receipt correspondence contains information guard encampment",
          "military enabled equipment conveniences meno classed colored debarred ken manual training louisville inform four students applied dupont admission color debars",
          "request filipino boys free admittance galvin inquired filipinos prof mark said law races faces port arthur russians nashville banner jacobs",
          "clerk resigned manager shaw nee herald lost coat containing gian san carlos ariz route parents sill okla robbed between hanging",
          "window missed reached think international marriages end"
        ]
      },
      {
        "small": "/content/1904/1904-07-15/small/HR-1904-07-15-07.jpg",
        "large": "/content/1904/1904-07-15/large/HR-1904-07-15-07.jpg",
        "thumb": "/content/1904/1904-07-15/thumbnails/HR-1904-07-15-07.jpg",
        "text": "/assets/words/1904/1904-07-15/HR-1904-07-15-07.txt",
        "words": [
          "side your time when fortune treats you remember that are labor and strong him who bravely does his part just",
          "hold grip keep heart bide the surest road bard glorious name never comes not unto shirk yoo would win most",
          "seck her thence strive eaten tie ent work man hope energy pat got goes way with cont fight whose life",
          "glory age cline whom beads works bides onward futures hill phe daven falls cool sweet ean wild nove though path",
          "may trough sine goon tine last toil done standing farther shore acting unbarred gate bells heaven chim justice love wait",
          "big chum long hang thing gin kept fairly far rien jackson our boss had fixed cover case gas tide been",
          "thrown often understand why was other care tore rede eke thin cropper denver news howard march good shot kangaroo tall",
          "soup somehow fell lot getting while own were shooting into horses know ing fun barnes hand warned all only broken",
          "they needed trusted for minute but doubted rode alongside swung stock whip lash under new mount horse clamped down upon",
          "like vise dropped nose ground doubled eat back fence bucked worth ten stone went bouncing away from rubber ball struck",
          "none too gently fully remarked little this will did toward making impossible ever again catch unawares there one party cotton",
          "johnson cook ease mutual dislike begun trying rough promptly called hard muzzle gun once some satisfaction out telling others what",
          "terrible things these fine knew two martini another shell shortened jammed between them lift weakens mes toe ost having better",
          "cooks eye sparkled tover carefully brought bis thought call ont digested iden right doctor cartridges either see frightened said til",
          "make sieve hundred yards grandmothers disgust think going waste ammunition wagon meet faked please hesitated want mangle finally ton youd",
          "fake bullets settled then second come fold exclaimed excitedly end grimly unless busi ness course really burt fright bit wont",
          "its fako need tell parnes behind weakened replied sarcastically sure hes erie began fidget fingered ewes nervously how forgot asked",
          "put cheerfully attend came along couple turkeys something than salt declared supper alive can have share tam feel sick disease",
          "anything mutton whats joke anyhow cookie has challenged duel rifles holding looking atter say ass kill fool propose let nervousness",
          "left sud denly yah chickenhearted johnny cried turning half scared death start kicked spoke snorted red rage well thunder kick",
          "take foot pery son which should covered coat tails worn ran hissed ear nothing blood wipe gravely backing angry cham",
          "must shall ake bath started flat crop pecan bringing rear busy wrenching handful filling their places pulped plug tol where",
          "edge sloped halt stream here wag hedged off thick growth wattle bushes six feet high even could penetrate bed quicksand",
          "bogged short order placed men paces apart handed each ire word fire fires before era significantly shut jong wink grinned",
          "directed attention wave muttered chums face grown white passion itself use cant told shouted idiot ied ail zou full roles",
          "row cheek confidently fired repeated worked frantically clear straight threw aside yell triumph now run next instant shrieked terror top",
          "speed stop yelled murder ivory handled sixshooter hip drew rifle flashed saw turned shots over lead fleeing fit laughter flew",
          "bush rose air ove rope armpits begged tearful tones saved passed york perry english judiciary tells rebuked supporting ridiculous made",
          "wife idly believe sod story judge parry yer mam modern baby cone rocked folks soothe cries hey claim further raising",
          "conform jot people awe very nervous frames cannot endure played tattoos stretch willing arma inviting rok pet jump sleep peaceful",
          "brow jie compass grow bat seer luck terrific speak mind pot thank tom fay spank met tribune mothers always insist",
          "literary talent family mother ore young woman house absorbed con book additional support assertions gifted proud ashamed blush girl showed",
          "packet verses yellowed ink faded wrote she tied laid beside guessed composed treasured letter dating married dear sacred drawer such",
          "genius apparent both sides beyond doubt spark thereof still slumbering somewhere ready burst flame monday morning spring vacation beatrice after",
          "hover irresolutely about lend pearl gold per following announcement write surprised seemed natural torch confined youngest circle withal dreamy desk",
          "paper herself room find stairs aglow elation newfound knowledge slight honor author ones inquired mrs quickly bee ought disturbed shes",
          "writing information due eyes arr glad exclaim pity somebody try mysterious whisper anyway bothered asserted ill forthwith established self sewing",
          "command unobstructed view stairway stayed until dinner noon bers possession admixture moth pride slightly prejudiced deference naturally accorded directly garding",
          "atmosphere thoughts subject poured rotund earthenware breakfast food rather effect caught demanded sipped contents dishwater present sub rest looked solemn",
          "remained afternoon errands varied vigils divers dors houses night fame descended athletes fitted stand around wise tusks gazed realized ris",
          "sadly thoughtless service yet thee sents inevitable happy child vere thet hubby fata evening according brain accepted many published few",
          "persons opinion irritably observing condition kissed lovingly smoothed hair attentions significance rubbing great strain addition exclusive dishes tea chided nicely",
          "browned square fish understood rich phosphorus protested instructions couch vacant lady reposed state pillows solicitously ranged remainder grouped distance sat",
          "light grate unusually chilly silence chatted aimlessly surcharged informed certain burn question gur suddenly desperation nearly meaning rustle interest murmured",
          "strok hazarded father boldly taking decisive step yes cooed hurriedly fearful lest overexert day bundled cereal advertised workers asa remedy",
          "known any preparation robbed spirit rate sullenly drank ate fled limited assured visibly enlarged charles disturb quiet get jacket might",
          "noy doorbell briefly announced read tonight voice nodded quite found dealing explained endured united world tenderness kiss commended reading followed",
          "dis periodical production lucky publisher selected early wonder illustrate quick flash witheringly ensued figured manuscript reach hear week possibly fow",
          "days more essary give editors plenty deciding proper remuneration third tension become almost fidgety least calmest pouring old copy magazine",
          "shamefacedly wanted entered close door tight stood look sorrowfully matter starting forward hush cautioned motioning whence issued merrily sin poor",
          "don mean stammered sent held bulky envelope grieved pitiable contrasted wrinkled seem comfortingly hearing blithe singing tired allowed drink confessed",
          "sob actually wept patted gray tried mournfully spread abroad innumerable penned water deeper liquids heavy mark siu density liquid sings",
          "sleepily mailed shocking import words rush lower lip curved diving used measuring simple affair consisting glass metal float stem projecting",
          "hydrometer sinks jones graduated marked lines gives instrument easy floating body sinking weight displaced test truth statement heaviest degrees device",
          "merely holes ends stopped wax weighted wire coin ver rou bring temperature thereabouts adding dash warm till testing thermometer adjust",
          "egg quantity equal bulk submerged same latter hence sink displace greater required bottom brings pretty without using regular floats peep",
          "add soon supposing experimenting gradually warms reaches bobs warmer racked ice peat experiment yox ere land lotus flowers blow poppies",
          "prim rim swaying fro clap ting fronds throw petals song thorn tree doth covers cruel stings blossom wit pray pluck",
          "linger near beneath lurks spectators dipping visiting showing card live tumbler prove entirely envelop repeat whisk handkerchief awa audience much",
          "filled several performed black page cloth thread attach cork trick shown drawing fill overhanging accomplished means com federate hands dip",
          "contrive turn sees thinking immersed startling change effected pulling attached button chief whisked practice first withe spilling mail express knowing",
          "bird trees sap buckets bay bodied sucker seen across country pails sugar maker beautiful taste weather cold cloudy vain fly",
          "tiny seems realize sun shine warmth search fon clinging tapped sou notice head tipped position corner mouth stead falling colored",
          "inks ancient since manuscripts green violet yellow usually applied ornaments except bys consequently inkstands wells peoples probably therefore those writers",
          "irritation pen wrong tudor jenks kerosene clean clocks drops oil particles dust machinery clock cleaned effectively placing soft bits secure",
          "dirt loos toy serve hardly effective vapors drop removed"
        ]
      },
      {
        "small": "/content/1904/1904-07-15/small/HR-1904-07-15-08.jpg",
        "large": "/content/1904/1904-07-15/large/HR-1904-07-15-08.jpg",
        "thumb": "/content/1904/1904-07-15/thumbnails/HR-1904-07-15-08.jpg",
        "text": "/assets/words/1904/1904-07-15/HR-1904-07-15-08.txt",
        "words": [
          "claimants instituted claimant and his witnesses ing the life notice cation name other matter will cheerful made most already would",
          "you our list wills stand farm three mile terms suel wit for coming season follows moi day tuesday week hydro",
          "terns insure foal not held responsible golt standing good buy young abe zahn best market prices ane win almost always",
          "comes night doses okla cud ones kia aug ust wat mies come all help celebrate third anniversary dip bee opening",
          "this great glorious country tie amo pea have speakers music lots whole some fun amusement consisting rooms opp with its",
          "companions heart reno burn flatulence torpidity liver constipation poor allow skin foul ton breath ailments widespread american treatment pair pants",
          "cote treat pats cure these troubles once hoen are dyspepsia know another thorough tissue build hundreds dig endorsed personally wenn",
          "practical committee weeks foot salt lake utah used snow who troubled sprains bru bottle standard drag system view each tonic",
          "one disappointed final result sale quick from biliousness digests parties wishing fruit takes strain northwest arkens need money can use",
          "six per cent interest either make proof stock your get land loan has been organized business which believe meet approval",
          "want sell town property see past conduct think enlist confidence guarantee fair celebration real estate ran everywhere wheeler ile jewett",
          "george robinson surgeon races etc odneal sie berry pig hat amusements well fillet ice ream soft drinks grounds order ell",
          "col killen aunts ach puffs crowds auctioneer what eat arkansas farms write oman west fork hie sour stomach health every",
          "about laid april photo work stunz course going lot literature relative buildings hotels fates train nak local address wichita kall",
          "mend esta cheerfully recommend suffering like affliction"
        ]
      }
    ]
  },
  "tags": [
    "1904"
  ],
  "categories": [
    "issues"
  ],
  "date": -2065888800,
  "slug": "hydro-review-1904-07-15",
  "type": "post",
  "url": "/issues/hydro-review-1904-07-15/"
}